<?xml version="1.0" encoding="UTF-8"?>
<testng-results ignored="6" total="7" passed="1" failed="0" skipped="0">
  <reporter-output>
  </reporter-output>
  <suite started-at="2024-01-10T12:42:14 ART" name="Default suite" finished-at="2024-01-10T12:42:22 ART" duration-ms="8689">
    <groups>
    </groups>
    <test started-at="2024-01-10T12:42:14 ART" name="Default test" finished-at="2024-01-10T12:42:22 ART" duration-ms="8689">
      <class name="org.educacionit.cursoSelenium.ClaseCinco.AutomationTestWithPom">
        <test-method signature="testTabla()[pri:0, instance:org.educacionit.cursoSelenium.ClaseCinco.AutomationTestWithPom@76a4ebf2]" started-at="2024-01-10T12:42:14 ART" name="testTabla" finished-at="2024-01-10T12:42:22 ART" duration-ms="8597" status="PASS">
          <reporter-output>
          </reporter-output>
        </test-method> <!-- testTabla -->
      </class> <!-- org.educacionit.cursoSelenium.ClaseCinco.AutomationTestWithPom -->
    </test> <!-- Default test -->
  </suite> <!-- Default suite -->
</testng-results>
