<?xml version="1.0" encoding="UTF-8"?>
<!-- Generated by org.testng.reporters.JUnitXMLReporter -->
<testsuite ignored="6" hostname="LAPTOP-DJQM2D69" failures="0" tests="1" name="Default test" time="8.689" errors="0" timestamp="2024-01-10T12:42:22 ART">
  <testcase classname="org.educacionit.cursoSelenium.ClaseCinco.AutomationTestWithPom" name="testTabla" time="8.597"/>
  <testcase classname="org.educacionit.cursoSelenium.ClaseCinco.AutomationTestWithPom" name="testSingInDuplicateEmail" time="0.0">
    <ignored/>
  </testcase> <!-- testSingInDuplicateEmail -->
  <testcase classname="org.educacionit.cursoSelenium.ClaseCinco.AutomationTestWithPom" name="testSingInEmptyEmail" time="0.0">
    <ignored/>
  </testcase> <!-- testSingInEmptyEmail -->
  <testcase classname="org.educacionit.cursoSelenium.ClaseCinco.AutomationTestWithPom" name="testConParametros" time="0.0">
    <ignored/>
  </testcase> <!-- testConParametros -->
  <testcase classname="org.educacionit.cursoSelenium.ClaseCinco.AutomationTestWithPom" name="testAlerta" time="0.0">
    <ignored/>
  </testcase> <!-- testAlerta -->
  <testcase classname="org.educacionit.cursoSelenium.ClaseCinco.AutomationTestWithPom" name="testSingIn" time="0.0">
    <ignored/>
  </testcase> <!-- testSingIn -->
  <testcase classname="org.educacionit.cursoSelenium.ClaseCinco.AutomationTestWithPom" name="testSingInInvalidEmail" time="0.0">
    <ignored/>
  </testcase> <!-- testSingInInvalidEmail -->
</testsuite> <!-- Default test -->
